0 info it worked if it ends with ok
1 verbose cli [ 'C:\\Program Files\\nodejs\\node.exe',
1 verbose cli   'C:\\Program Files\\nodejs\\node_modules\\npm\\bin\\npm-cli.js',
1 verbose cli   'run',
1 verbose cli   'dev' ]
2 info using npm@3.10.9
3 info using node@v6.9.2
4 verbose run-script [ 'predev', 'dev', 'postdev' ]
5 info lifecycle webpack-quanren@1.0.0~predev: webpack-quanren@1.0.0
6 silly lifecycle webpack-quanren@1.0.0~predev: no script for predev, continuing
7 info lifecycle webpack-quanren@1.0.0~dev: webpack-quanren@1.0.0
8 verbose lifecycle webpack-quanren@1.0.0~dev: unsafe-perm in lifecycle true
9 verbose lifecycle webpack-quanren@1.0.0~dev: PATH: C:\Program Files\nodejs\node_modules\npm\bin\node-gyp-bin;D:\project\webpack-quanren\node_modules\.bin;C:\ProgramData\Oracle\Java\javapath;C:\Program Files (x86)\Common Files\NetSarang;C:\Ruby23-x64\bin;C:\Windows\system32;C:\Windows;C:\Windows\System32\Wbem;C:\Windows\System32\WindowsPowerShell\v1.0\;C:\Program Files\nodejs\;C:\Program Files\Git\cmd;D:\cmber;C:\ProgramData\chocolatey\bin;C:\Program Files\TortoiseSVN\bin;D:\Program Files\Java\jdk1.8.0_60\bin;C:\Users\Administrator\AppData\Roaming\npm;C:\Program Files (x86)\Microsoft VS Code\bin;C:\Users\Administrator\AppData\Local\atom\bin;D:\cmber\Cmber.exe;C:\AppServ\Apache2.2\bin;C:\AppServ\php6;C:\AppServ\MySQL\bin;
10 verbose lifecycle webpack-quanren@1.0.0~dev: CWD: D:\project\webpack-quanren
11 silly lifecycle webpack-quanren@1.0.0~dev: Args: [ '/d /s /c', 'webpack-dev-server --hot --inline' ]
12 silly lifecycle webpack-quanren@1.0.0~dev: Returned: code: 3221225786  signal: null
13 info lifecycle webpack-quanren@1.0.0~dev: Failed to exec dev script
14 verbose stack Error: webpack-quanren@1.0.0 dev: `webpack-dev-server --hot --inline`
14 verbose stack Exit status 3221225786
14 verbose stack     at EventEmitter.<anonymous> (C:\Program Files\nodejs\node_modules\npm\lib\utils\lifecycle.js:255:16)
14 verbose stack     at emitTwo (events.js:106:13)
14 verbose stack     at EventEmitter.emit (events.js:191:7)
14 verbose stack     at ChildProcess.<anonymous> (C:\Program Files\nodejs\node_modules\npm\lib\utils\spawn.js:40:14)
14 verbose stack     at emitTwo (events.js:106:13)
14 verbose stack     at ChildProcess.emit (events.js:191:7)
14 verbose stack     at maybeClose (internal/child_process.js:877:16)
14 verbose stack     at Process.ChildProcess._handle.onexit (internal/child_process.js:226:5)
15 verbose pkgid webpack-quanren@1.0.0
16 verbose cwd D:\project\webpack-quanren
17 error Windows_NT 6.1.7601
18 error argv "C:\\Program Files\\nodejs\\node.exe" "C:\\Program Files\\nodejs\\node_modules\\npm\\bin\\npm-cli.js" "run" "dev"
19 error node v6.9.2
20 error npm  v3.10.9
21 error code ELIFECYCLE
22 error webpack-quanren@1.0.0 dev: `webpack-dev-server --hot --inline`
22 error Exit status 3221225786
23 error Failed at the webpack-quanren@1.0.0 dev script 'webpack-dev-server --hot --inline'.
23 error Make sure you have the latest version of node.js and npm installed.
23 error If you do, this is most likely a problem with the webpack-quanren package,
23 error not with npm itself.
23 error Tell the author that this fails on your system:
23 error     webpack-dev-server --hot --inline
23 error You can get information on how to open an issue for this project with:
23 error     npm bugs webpack-quanren
23 error Or if that isn't available, you can get their info via:
23 error     npm owner ls webpack-quanren
23 error There is likely additional logging output above.
24 verbose exit [ 1, true ]
